running egg_info
writing ../../build/drone_nettomav/drone_nettomav.egg-info/PKG-INFO
writing dependency_links to ../../build/drone_nettomav/drone_nettomav.egg-info/dependency_links.txt
writing entry points to ../../build/drone_nettomav/drone_nettomav.egg-info/entry_points.txt
writing requirements to ../../build/drone_nettomav/drone_nettomav.egg-info/requires.txt
writing top-level names to ../../build/drone_nettomav/drone_nettomav.egg-info/top_level.txt
reading manifest file '../../build/drone_nettomav/drone_nettomav.egg-info/SOURCES.txt'
writing manifest file '../../build/drone_nettomav/drone_nettomav.egg-info/SOURCES.txt'
running build
running build_py
copying drone_nettomav/receiver.py -> /home/afrobudha/hello_drone/build/drone_nettomav/build/lib/drone_nettomav
running install
running install_lib
copying /home/afrobudha/hello_drone/build/drone_nettomav/build/lib/drone_nettomav/receiver.py -> /home/afrobudha/hello_drone/install/drone_nettomav/lib/python3.8/site-packages/drone_nettomav
byte-compiling /home/afrobudha/hello_drone/install/drone_nettomav/lib/python3.8/site-packages/drone_nettomav/receiver.py to receiver.cpython-38.pyc
running install_data
running install_egg_info
removing '/home/afrobudha/hello_drone/install/drone_nettomav/lib/python3.8/site-packages/drone_nettomav-0.0.0-py3.8.egg-info' (and everything under it)
Copying ../../build/drone_nettomav/drone_nettomav.egg-info to /home/afrobudha/hello_drone/install/drone_nettomav/lib/python3.8/site-packages/drone_nettomav-0.0.0-py3.8.egg-info
running install_scripts
Installing commander script to /home/afrobudha/hello_drone/install/drone_nettomav/lib/drone_nettomav
Installing receiver script to /home/afrobudha/hello_drone/install/drone_nettomav/lib/drone_nettomav
writing list of installed files to '/home/afrobudha/hello_drone/build/drone_nettomav/install.log'
