[1.769s] DEBUG:colcon:Command line arguments: ['/usr/bin/colcon', 'build', '--packages-select', 'drone_nettomav']
[1.770s] DEBUG:colcon:Parsed command line arguments: Namespace(ament_cmake_args=None, base_paths=['.'], build_base='build', catkin_cmake_args=None, catkin_skip_building_tests=False, cmake_args=None, cmake_clean_cache=False, cmake_clean_first=False, cmake_force_configure=False, cmake_target=None, cmake_target_skip_unavailable=False, continue_on_error=False, event_handlers=None, executor='parallel', ignore_user_meta=False, install_base='install', log_base=None, log_level=None, main=<bound method BuildVerb.main of <colcon_core.verb.build.BuildVerb object at 0x7ff98cacb4c0>>, merge_install=False, metas=['./colcon.meta'], packages_above=None, packages_above_and_dependencies=None, packages_above_depth=None, packages_end=None, packages_ignore=None, packages_ignore_regex=None, packages_select=['drone_nettomav'], packages_select_build_failed=False, packages_select_by_dep=None, packages_select_regex=None, packages_select_test_failures=False, packages_skip=None, packages_skip_build_finished=False, packages_skip_by_dep=None, packages_skip_regex=None, packages_skip_test_passed=False, packages_skip_up_to=None, packages_start=None, packages_up_to=None, packages_up_to_regex=None, parallel_workers=3, paths=None, symlink_install=False, test_result_base=None, verb_extension=<colcon_core.verb.build.BuildVerb object at 0x7ff98cacb4c0>, verb_name='build', verb_parser=<colcon_defaults.argument_parser.defaults.DefaultArgumentsDecorator object at 0x7ff98cacba00>)
[1.853s] Level 1:colcon.colcon_core.package_discovery:discover_packages(colcon_meta) check parameters
[1.854s] Level 1:colcon.colcon_core.package_discovery:discover_packages(recursive) check parameters
[1.854s] Level 1:colcon.colcon_core.package_discovery:discover_packages(ignore) check parameters
[1.854s] Level 1:colcon.colcon_core.package_discovery:discover_packages(path) check parameters
[1.854s] Level 1:colcon.colcon_core.package_discovery:discover_packages(colcon_meta) discover
[1.855s] Level 1:colcon.colcon_core.package_discovery:discover_packages(recursive) discover
[1.855s] INFO:colcon.colcon_core.package_discovery:Crawling recursively for packages in '/home/afrobudha/hello_drone'
[1.855s] Level 1:colcon.colcon_core.package_identification:_identify(.) by extensions ['ignore', 'ignore_ament_install']
[1.855s] Level 1:colcon.colcon_core.package_identification:_identify(.) by extension 'ignore'
[1.855s] Level 1:colcon.colcon_core.package_identification:_identify(.) by extension 'ignore_ament_install'
[1.856s] Level 1:colcon.colcon_core.package_identification:_identify(.) by extensions ['colcon_pkg']
[1.856s] Level 1:colcon.colcon_core.package_identification:_identify(.) by extension 'colcon_pkg'
[1.856s] Level 1:colcon.colcon_core.package_identification:_identify(.) by extensions ['colcon_meta']
[1.856s] Level 1:colcon.colcon_core.package_identification:_identify(.) by extension 'colcon_meta'
[1.856s] Level 1:colcon.colcon_core.package_identification:_identify(.) by extensions ['ros']
[1.856s] Level 1:colcon.colcon_core.package_identification:_identify(.) by extension 'ros'
[1.873s] Level 1:colcon.colcon_core.package_identification:_identify(.) by extensions ['cmake', 'python']
[1.873s] Level 1:colcon.colcon_core.package_identification:_identify(.) by extension 'cmake'
[1.873s] Level 1:colcon.colcon_core.package_identification:_identify(.) by extension 'python'
[1.873s] Level 1:colcon.colcon_core.package_identification:_identify(.) by extensions ['python_setup_py']
[1.873s] Level 1:colcon.colcon_core.package_identification:_identify(.) by extension 'python_setup_py'
[1.873s] Level 1:colcon.colcon_core.package_identification:_identify(build) by extensions ['ignore', 'ignore_ament_install']
[1.874s] Level 1:colcon.colcon_core.package_identification:_identify(build) by extension 'ignore'
[1.874s] Level 1:colcon.colcon_core.package_identification:_identify(build) ignored
[1.874s] Level 1:colcon.colcon_core.package_identification:_identify(dev_ws) by extensions ['ignore', 'ignore_ament_install']
[1.874s] Level 1:colcon.colcon_core.package_identification:_identify(dev_ws) by extension 'ignore'
[1.874s] Level 1:colcon.colcon_core.package_identification:_identify(dev_ws) by extension 'ignore_ament_install'
[1.874s] Level 1:colcon.colcon_core.package_identification:_identify(dev_ws) by extensions ['colcon_pkg']
[1.874s] Level 1:colcon.colcon_core.package_identification:_identify(dev_ws) by extension 'colcon_pkg'
[1.874s] Level 1:colcon.colcon_core.package_identification:_identify(dev_ws) by extensions ['colcon_meta']
[1.874s] Level 1:colcon.colcon_core.package_identification:_identify(dev_ws) by extension 'colcon_meta'
[1.874s] Level 1:colcon.colcon_core.package_identification:_identify(dev_ws) by extensions ['ros']
[1.874s] Level 1:colcon.colcon_core.package_identification:_identify(dev_ws) by extension 'ros'
[1.874s] Level 1:colcon.colcon_core.package_identification:_identify(dev_ws) by extensions ['cmake', 'python']
[1.874s] Level 1:colcon.colcon_core.package_identification:_identify(dev_ws) by extension 'cmake'
[1.875s] Level 1:colcon.colcon_core.package_identification:_identify(dev_ws) by extension 'python'
[1.875s] Level 1:colcon.colcon_core.package_identification:_identify(dev_ws) by extensions ['python_setup_py']
[1.875s] Level 1:colcon.colcon_core.package_identification:_identify(dev_ws) by extension 'python_setup_py'
[1.875s] Level 1:colcon.colcon_core.package_identification:_identify(dev_ws/build) by extensions ['ignore', 'ignore_ament_install']
[1.875s] Level 1:colcon.colcon_core.package_identification:_identify(dev_ws/build) by extension 'ignore'
[1.875s] Level 1:colcon.colcon_core.package_identification:_identify(dev_ws/build) ignored
[1.875s] Level 1:colcon.colcon_core.package_identification:_identify(dev_ws/install) by extensions ['ignore', 'ignore_ament_install']
[1.875s] Level 1:colcon.colcon_core.package_identification:_identify(dev_ws/install) by extension 'ignore'
[1.875s] Level 1:colcon.colcon_core.package_identification:_identify(dev_ws/install) ignored
[1.876s] Level 1:colcon.colcon_core.package_identification:_identify(dev_ws/log) by extensions ['ignore', 'ignore_ament_install']
[1.876s] Level 1:colcon.colcon_core.package_identification:_identify(dev_ws/log) by extension 'ignore'
[1.876s] Level 1:colcon.colcon_core.package_identification:_identify(dev_ws/log) ignored
[1.876s] Level 1:colcon.colcon_core.package_identification:_identify(dev_ws/src) by extensions ['ignore', 'ignore_ament_install']
[1.876s] Level 1:colcon.colcon_core.package_identification:_identify(dev_ws/src) by extension 'ignore'
[1.876s] Level 1:colcon.colcon_core.package_identification:_identify(dev_ws/src) by extension 'ignore_ament_install'
[1.876s] Level 1:colcon.colcon_core.package_identification:_identify(dev_ws/src) by extensions ['colcon_pkg']
[1.876s] Level 1:colcon.colcon_core.package_identification:_identify(dev_ws/src) by extension 'colcon_pkg'
[1.876s] Level 1:colcon.colcon_core.package_identification:_identify(dev_ws/src) by extensions ['colcon_meta']
[1.876s] Level 1:colcon.colcon_core.package_identification:_identify(dev_ws/src) by extension 'colcon_meta'
[1.876s] Level 1:colcon.colcon_core.package_identification:_identify(dev_ws/src) by extensions ['ros']
[1.876s] Level 1:colcon.colcon_core.package_identification:_identify(dev_ws/src) by extension 'ros'
[1.877s] Level 1:colcon.colcon_core.package_identification:_identify(dev_ws/src) by extensions ['cmake', 'python']
[1.877s] Level 1:colcon.colcon_core.package_identification:_identify(dev_ws/src) by extension 'cmake'
[1.877s] Level 1:colcon.colcon_core.package_identification:_identify(dev_ws/src) by extension 'python'
[1.877s] Level 1:colcon.colcon_core.package_identification:_identify(dev_ws/src) by extensions ['python_setup_py']
[1.877s] Level 1:colcon.colcon_core.package_identification:_identify(dev_ws/src) by extension 'python_setup_py'
[1.877s] Level 1:colcon.colcon_core.package_identification:_identify(dev_ws/src/my_package) by extensions ['ignore', 'ignore_ament_install']
[1.877s] Level 1:colcon.colcon_core.package_identification:_identify(dev_ws/src/my_package) by extension 'ignore'
[1.877s] Level 1:colcon.colcon_core.package_identification:_identify(dev_ws/src/my_package) by extension 'ignore_ament_install'
[1.877s] Level 1:colcon.colcon_core.package_identification:_identify(dev_ws/src/my_package) by extensions ['colcon_pkg']
[1.877s] Level 1:colcon.colcon_core.package_identification:_identify(dev_ws/src/my_package) by extension 'colcon_pkg'
[1.877s] Level 1:colcon.colcon_core.package_identification:_identify(dev_ws/src/my_package) by extensions ['colcon_meta']
[1.877s] Level 1:colcon.colcon_core.package_identification:_identify(dev_ws/src/my_package) by extension 'colcon_meta'
[1.877s] Level 1:colcon.colcon_core.package_identification:_identify(dev_ws/src/my_package) by extensions ['ros']
[1.877s] Level 1:colcon.colcon_core.package_identification:_identify(dev_ws/src/my_package) by extension 'ros'
[1.894s] DEBUG:colcon.colcon_core.package_identification:Package 'dev_ws/src/my_package' with type 'ros.ament_cmake' and name 'my_package'
[1.895s] Level 1:colcon.colcon_core.package_identification:_identify(dev_ws/src/py_pubsub) by extensions ['ignore', 'ignore_ament_install']
[1.895s] Level 1:colcon.colcon_core.package_identification:_identify(dev_ws/src/py_pubsub) by extension 'ignore'
[1.895s] Level 1:colcon.colcon_core.package_identification:_identify(dev_ws/src/py_pubsub) by extension 'ignore_ament_install'
[1.895s] Level 1:colcon.colcon_core.package_identification:_identify(dev_ws/src/py_pubsub) by extensions ['colcon_pkg']
[1.895s] Level 1:colcon.colcon_core.package_identification:_identify(dev_ws/src/py_pubsub) by extension 'colcon_pkg'
[1.895s] Level 1:colcon.colcon_core.package_identification:_identify(dev_ws/src/py_pubsub) by extensions ['colcon_meta']
[1.895s] Level 1:colcon.colcon_core.package_identification:_identify(dev_ws/src/py_pubsub) by extension 'colcon_meta'
[1.895s] Level 1:colcon.colcon_core.package_identification:_identify(dev_ws/src/py_pubsub) by extensions ['ros']
[1.896s] Level 1:colcon.colcon_core.package_identification:_identify(dev_ws/src/py_pubsub) by extension 'ros'
[1.904s] DEBUG:colcon.colcon_core.package_identification:Package 'dev_ws/src/py_pubsub' with type 'ros.ament_python' and name 'py_pubsub'
[1.904s] Level 1:colcon.colcon_core.package_identification:_identify(dev_ws/src/py_srvcli) by extensions ['ignore', 'ignore_ament_install']
[1.904s] Level 1:colcon.colcon_core.package_identification:_identify(dev_ws/src/py_srvcli) by extension 'ignore'
[1.904s] Level 1:colcon.colcon_core.package_identification:_identify(dev_ws/src/py_srvcli) by extension 'ignore_ament_install'
[1.904s] Level 1:colcon.colcon_core.package_identification:_identify(dev_ws/src/py_srvcli) by extensions ['colcon_pkg']
[1.904s] Level 1:colcon.colcon_core.package_identification:_identify(dev_ws/src/py_srvcli) by extension 'colcon_pkg'
[1.904s] Level 1:colcon.colcon_core.package_identification:_identify(dev_ws/src/py_srvcli) by extensions ['colcon_meta']
[1.904s] Level 1:colcon.colcon_core.package_identification:_identify(dev_ws/src/py_srvcli) by extension 'colcon_meta'
[1.904s] Level 1:colcon.colcon_core.package_identification:_identify(dev_ws/src/py_srvcli) by extensions ['ros']
[1.904s] Level 1:colcon.colcon_core.package_identification:_identify(dev_ws/src/py_srvcli) by extension 'ros'
[1.918s] DEBUG:colcon.colcon_core.package_identification:Package 'dev_ws/src/py_srvcli' with type 'ros.ament_python' and name 'py_srvcli'
[1.918s] Level 1:colcon.colcon_core.package_identification:_identify(dev_ws/src/ros_tutorials) by extensions ['ignore', 'ignore_ament_install']
[1.918s] Level 1:colcon.colcon_core.package_identification:_identify(dev_ws/src/ros_tutorials) by extension 'ignore'
[1.918s] Level 1:colcon.colcon_core.package_identification:_identify(dev_ws/src/ros_tutorials) by extension 'ignore_ament_install'
[1.918s] Level 1:colcon.colcon_core.package_identification:_identify(dev_ws/src/ros_tutorials) by extensions ['colcon_pkg']
[1.918s] Level 1:colcon.colcon_core.package_identification:_identify(dev_ws/src/ros_tutorials) by extension 'colcon_pkg'
[1.919s] Level 1:colcon.colcon_core.package_identification:_identify(dev_ws/src/ros_tutorials) by extensions ['colcon_meta']
[1.919s] Level 1:colcon.colcon_core.package_identification:_identify(dev_ws/src/ros_tutorials) by extension 'colcon_meta'
[1.919s] Level 1:colcon.colcon_core.package_identification:_identify(dev_ws/src/ros_tutorials) by extensions ['ros']
[1.919s] Level 1:colcon.colcon_core.package_identification:_identify(dev_ws/src/ros_tutorials) by extension 'ros'
[1.919s] Level 1:colcon.colcon_core.package_identification:_identify(dev_ws/src/ros_tutorials) by extensions ['cmake', 'python']
[1.919s] Level 1:colcon.colcon_core.package_identification:_identify(dev_ws/src/ros_tutorials) by extension 'cmake'
[1.919s] Level 1:colcon.colcon_core.package_identification:_identify(dev_ws/src/ros_tutorials) by extension 'python'
[1.919s] Level 1:colcon.colcon_core.package_identification:_identify(dev_ws/src/ros_tutorials) by extensions ['python_setup_py']
[1.919s] Level 1:colcon.colcon_core.package_identification:_identify(dev_ws/src/ros_tutorials) by extension 'python_setup_py'
[1.919s] Level 1:colcon.colcon_core.package_identification:_identify(dev_ws/src/ros_tutorials/ros_tutorials) by extensions ['ignore', 'ignore_ament_install']
[1.919s] Level 1:colcon.colcon_core.package_identification:_identify(dev_ws/src/ros_tutorials/ros_tutorials) by extension 'ignore'
[1.919s] Level 1:colcon.colcon_core.package_identification:_identify(dev_ws/src/ros_tutorials/ros_tutorials) ignored
[1.920s] Level 1:colcon.colcon_core.package_identification:_identify(dev_ws/src/ros_tutorials/roscpp_tutorials) by extensions ['ignore', 'ignore_ament_install']
[1.920s] Level 1:colcon.colcon_core.package_identification:_identify(dev_ws/src/ros_tutorials/roscpp_tutorials) by extension 'ignore'
[1.920s] Level 1:colcon.colcon_core.package_identification:_identify(dev_ws/src/ros_tutorials/roscpp_tutorials) ignored
[1.920s] Level 1:colcon.colcon_core.package_identification:_identify(dev_ws/src/ros_tutorials/rospy_tutorials) by extensions ['ignore', 'ignore_ament_install']
[1.920s] Level 1:colcon.colcon_core.package_identification:_identify(dev_ws/src/ros_tutorials/rospy_tutorials) by extension 'ignore'
[1.920s] Level 1:colcon.colcon_core.package_identification:_identify(dev_ws/src/ros_tutorials/rospy_tutorials) ignored
[1.920s] Level 1:colcon.colcon_core.package_identification:_identify(dev_ws/src/ros_tutorials/turtlesim) by extensions ['ignore', 'ignore_ament_install']
[1.920s] Level 1:colcon.colcon_core.package_identification:_identify(dev_ws/src/ros_tutorials/turtlesim) by extension 'ignore'
[1.920s] Level 1:colcon.colcon_core.package_identification:_identify(dev_ws/src/ros_tutorials/turtlesim) by extension 'ignore_ament_install'
[1.920s] Level 1:colcon.colcon_core.package_identification:_identify(dev_ws/src/ros_tutorials/turtlesim) by extensions ['colcon_pkg']
[1.920s] Level 1:colcon.colcon_core.package_identification:_identify(dev_ws/src/ros_tutorials/turtlesim) by extension 'colcon_pkg'
[1.921s] Level 1:colcon.colcon_core.package_identification:_identify(dev_ws/src/ros_tutorials/turtlesim) by extensions ['colcon_meta']
[1.921s] Level 1:colcon.colcon_core.package_identification:_identify(dev_ws/src/ros_tutorials/turtlesim) by extension 'colcon_meta'
[1.921s] Level 1:colcon.colcon_core.package_identification:_identify(dev_ws/src/ros_tutorials/turtlesim) by extensions ['ros']
[1.921s] Level 1:colcon.colcon_core.package_identification:_identify(dev_ws/src/ros_tutorials/turtlesim) by extension 'ros'
[1.923s] DEBUG:colcon.colcon_core.package_identification:Package 'dev_ws/src/ros_tutorials/turtlesim' with type 'ros.ament_cmake' and name 'turtlesim'
[1.923s] Level 1:colcon.colcon_core.package_identification:_identify(install) by extensions ['ignore', 'ignore_ament_install']
[1.923s] Level 1:colcon.colcon_core.package_identification:_identify(install) by extension 'ignore'
[1.923s] Level 1:colcon.colcon_core.package_identification:_identify(install) ignored
[1.924s] Level 1:colcon.colcon_core.package_identification:_identify(log) by extensions ['ignore', 'ignore_ament_install']
[1.924s] Level 1:colcon.colcon_core.package_identification:_identify(log) by extension 'ignore'
[1.924s] Level 1:colcon.colcon_core.package_identification:_identify(log) ignored
[1.924s] Level 1:colcon.colcon_core.package_identification:_identify(src) by extensions ['ignore', 'ignore_ament_install']
[1.924s] Level 1:colcon.colcon_core.package_identification:_identify(src) by extension 'ignore'
[1.924s] Level 1:colcon.colcon_core.package_identification:_identify(src) by extension 'ignore_ament_install'
[1.924s] Level 1:colcon.colcon_core.package_identification:_identify(src) by extensions ['colcon_pkg']
[1.924s] Level 1:colcon.colcon_core.package_identification:_identify(src) by extension 'colcon_pkg'
[1.924s] Level 1:colcon.colcon_core.package_identification:_identify(src) by extensions ['colcon_meta']
[1.924s] Level 1:colcon.colcon_core.package_identification:_identify(src) by extension 'colcon_meta'
[1.924s] Level 1:colcon.colcon_core.package_identification:_identify(src) by extensions ['ros']
[1.924s] Level 1:colcon.colcon_core.package_identification:_identify(src) by extension 'ros'
[1.925s] Level 1:colcon.colcon_core.package_identification:_identify(src) by extensions ['cmake', 'python']
[1.925s] Level 1:colcon.colcon_core.package_identification:_identify(src) by extension 'cmake'
[1.925s] Level 1:colcon.colcon_core.package_identification:_identify(src) by extension 'python'
[1.925s] Level 1:colcon.colcon_core.package_identification:_identify(src) by extensions ['python_setup_py']
[1.925s] Level 1:colcon.colcon_core.package_identification:_identify(src) by extension 'python_setup_py'
[1.925s] Level 1:colcon.colcon_core.package_identification:_identify(src/drone_nettomav) by extensions ['ignore', 'ignore_ament_install']
[1.925s] Level 1:colcon.colcon_core.package_identification:_identify(src/drone_nettomav) by extension 'ignore'
[1.925s] Level 1:colcon.colcon_core.package_identification:_identify(src/drone_nettomav) by extension 'ignore_ament_install'
[1.925s] Level 1:colcon.colcon_core.package_identification:_identify(src/drone_nettomav) by extensions ['colcon_pkg']
[1.925s] Level 1:colcon.colcon_core.package_identification:_identify(src/drone_nettomav) by extension 'colcon_pkg'
[1.925s] Level 1:colcon.colcon_core.package_identification:_identify(src/drone_nettomav) by extensions ['colcon_meta']
[1.925s] Level 1:colcon.colcon_core.package_identification:_identify(src/drone_nettomav) by extension 'colcon_meta'
[1.925s] Level 1:colcon.colcon_core.package_identification:_identify(src/drone_nettomav) by extensions ['ros']
[1.925s] Level 1:colcon.colcon_core.package_identification:_identify(src/drone_nettomav) by extension 'ros'
[1.926s] DEBUG:colcon.colcon_core.package_identification:Package 'src/drone_nettomav' with type 'ros.ament_python' and name 'drone_nettomav'
[1.926s] Level 1:colcon.colcon_core.package_identification:_identify(src/ros_tutorials) by extensions ['ignore', 'ignore_ament_install']
[1.926s] Level 1:colcon.colcon_core.package_identification:_identify(src/ros_tutorials) by extension 'ignore'
[1.927s] Level 1:colcon.colcon_core.package_identification:_identify(src/ros_tutorials) by extension 'ignore_ament_install'
[1.927s] Level 1:colcon.colcon_core.package_identification:_identify(src/ros_tutorials) by extensions ['colcon_pkg']
[1.927s] Level 1:colcon.colcon_core.package_identification:_identify(src/ros_tutorials) by extension 'colcon_pkg'
[1.927s] Level 1:colcon.colcon_core.package_identification:_identify(src/ros_tutorials) by extensions ['colcon_meta']
[1.927s] Level 1:colcon.colcon_core.package_identification:_identify(src/ros_tutorials) by extension 'colcon_meta'
[1.927s] Level 1:colcon.colcon_core.package_identification:_identify(src/ros_tutorials) by extensions ['ros']
[1.927s] Level 1:colcon.colcon_core.package_identification:_identify(src/ros_tutorials) by extension 'ros'
[1.927s] Level 1:colcon.colcon_core.package_identification:_identify(src/ros_tutorials) by extensions ['cmake', 'python']
[1.927s] Level 1:colcon.colcon_core.package_identification:_identify(src/ros_tutorials) by extension 'cmake'
[1.927s] Level 1:colcon.colcon_core.package_identification:_identify(src/ros_tutorials) by extension 'python'
[1.927s] Level 1:colcon.colcon_core.package_identification:_identify(src/ros_tutorials) by extensions ['python_setup_py']
[1.927s] Level 1:colcon.colcon_core.package_identification:_identify(src/ros_tutorials) by extension 'python_setup_py'
[1.927s] Level 1:colcon.colcon_core.package_identification:_identify(src/ros_tutorials/ros_tutorials) by extensions ['ignore', 'ignore_ament_install']
[1.928s] Level 1:colcon.colcon_core.package_identification:_identify(src/ros_tutorials/ros_tutorials) by extension 'ignore'
[1.928s] Level 1:colcon.colcon_core.package_identification:_identify(src/ros_tutorials/ros_tutorials) ignored
[1.928s] Level 1:colcon.colcon_core.package_identification:_identify(src/ros_tutorials/roscpp_tutorials) by extensions ['ignore', 'ignore_ament_install']
[1.928s] Level 1:colcon.colcon_core.package_identification:_identify(src/ros_tutorials/roscpp_tutorials) by extension 'ignore'
[1.928s] Level 1:colcon.colcon_core.package_identification:_identify(src/ros_tutorials/roscpp_tutorials) ignored
[1.928s] Level 1:colcon.colcon_core.package_identification:_identify(src/ros_tutorials/rospy_tutorials) by extensions ['ignore', 'ignore_ament_install']
[1.928s] Level 1:colcon.colcon_core.package_identification:_identify(src/ros_tutorials/rospy_tutorials) by extension 'ignore'
[1.928s] Level 1:colcon.colcon_core.package_identification:_identify(src/ros_tutorials/rospy_tutorials) ignored
[1.928s] Level 1:colcon.colcon_core.package_identification:_identify(src/ros_tutorials/turtlesim) by extensions ['ignore', 'ignore_ament_install']
[1.928s] Level 1:colcon.colcon_core.package_identification:_identify(src/ros_tutorials/turtlesim) by extension 'ignore'
[1.929s] Level 1:colcon.colcon_core.package_identification:_identify(src/ros_tutorials/turtlesim) by extension 'ignore_ament_install'
[1.929s] Level 1:colcon.colcon_core.package_identification:_identify(src/ros_tutorials/turtlesim) by extensions ['colcon_pkg']
[1.929s] Level 1:colcon.colcon_core.package_identification:_identify(src/ros_tutorials/turtlesim) by extension 'colcon_pkg'
[1.929s] Level 1:colcon.colcon_core.package_identification:_identify(src/ros_tutorials/turtlesim) by extensions ['colcon_meta']
[1.929s] Level 1:colcon.colcon_core.package_identification:_identify(src/ros_tutorials/turtlesim) by extension 'colcon_meta'
[1.929s] Level 1:colcon.colcon_core.package_identification:_identify(src/ros_tutorials/turtlesim) by extensions ['ros']
[1.929s] Level 1:colcon.colcon_core.package_identification:_identify(src/ros_tutorials/turtlesim) by extension 'ros'
[1.931s] DEBUG:colcon.colcon_core.package_identification:Package 'src/ros_tutorials/turtlesim' with type 'ros.ament_cmake' and name 'turtlesim'
[1.931s] Level 1:colcon.colcon_core.package_discovery:discover_packages(recursive) using defaults
[1.931s] Level 1:colcon.colcon_core.package_discovery:discover_packages(ignore) discover
[1.931s] Level 1:colcon.colcon_core.package_discovery:discover_packages(ignore) using defaults
[1.932s] Level 1:colcon.colcon_core.package_discovery:discover_packages(path) discover
[1.932s] Level 1:colcon.colcon_core.package_discovery:discover_packages(path) using defaults
[2.053s] INFO:colcon.colcon_core.package_selection:Skipping not selected package 'my_package' in 'dev_ws/src/my_package'
[2.053s] INFO:colcon.colcon_core.package_selection:Skipping not selected package 'py_pubsub' in 'dev_ws/src/py_pubsub'
[2.053s] INFO:colcon.colcon_core.package_selection:Skipping not selected package 'py_srvcli' in 'dev_ws/src/py_srvcli'
[2.053s] INFO:colcon.colcon_core.package_selection:Skipping not selected package 'turtlesim' in 'dev_ws/src/ros_tutorials/turtlesim'
[2.053s] INFO:colcon.colcon_core.package_selection:Skipping not selected package 'turtlesim' in 'src/ros_tutorials/turtlesim'
[2.057s] Level 5:colcon.colcon_core.verb:set package 'drone_nettomav' build argument 'cmake_args' from command line to 'None'
[2.057s] Level 5:colcon.colcon_core.verb:set package 'drone_nettomav' build argument 'cmake_target' from command line to 'None'
[2.057s] Level 5:colcon.colcon_core.verb:set package 'drone_nettomav' build argument 'cmake_target_skip_unavailable' from command line to 'False'
[2.057s] Level 5:colcon.colcon_core.verb:set package 'drone_nettomav' build argument 'cmake_clean_cache' from command line to 'False'
[2.058s] Level 5:colcon.colcon_core.verb:set package 'drone_nettomav' build argument 'cmake_clean_first' from command line to 'False'
[2.058s] Level 5:colcon.colcon_core.verb:set package 'drone_nettomav' build argument 'cmake_force_configure' from command line to 'False'
[2.058s] Level 5:colcon.colcon_core.verb:set package 'drone_nettomav' build argument 'ament_cmake_args' from command line to 'None'
[2.058s] Level 5:colcon.colcon_core.verb:set package 'drone_nettomav' build argument 'catkin_cmake_args' from command line to 'None'
[2.058s] Level 5:colcon.colcon_core.verb:set package 'drone_nettomav' build argument 'catkin_skip_building_tests' from command line to 'False'
[2.058s] DEBUG:colcon.colcon_core.verb:Building package 'drone_nettomav' with the following arguments: {'ament_cmake_args': None, 'build_base': '/home/afrobudha/hello_drone/build/drone_nettomav', 'catkin_cmake_args': None, 'catkin_skip_building_tests': False, 'cmake_args': None, 'cmake_clean_cache': False, 'cmake_clean_first': False, 'cmake_force_configure': False, 'cmake_target': None, 'cmake_target_skip_unavailable': False, 'install_base': '/home/afrobudha/hello_drone/install/drone_nettomav', 'merge_install': False, 'path': '/home/afrobudha/hello_drone/src/drone_nettomav', 'symlink_install': False, 'test_result_base': None}
[2.058s] INFO:colcon.colcon_core.executor:Executing jobs using 'parallel' executor
[2.061s] DEBUG:colcon.colcon_parallel_executor.executor.parallel:run_until_complete
[2.061s] INFO:colcon.colcon_ros.task.ament_python.build:Building ROS package in '/home/afrobudha/hello_drone/src/drone_nettomav' with build type 'ament_python'
[2.062s] Level 1:colcon.colcon_core.shell:create_environment_hook('drone_nettomav', 'ament_prefix_path')
[2.099s] INFO:colcon.colcon_core.plugin_system:Skipping extension 'colcon_core.shell.bat': Not used on non-Windows systems
[2.099s] INFO:colcon.colcon_core.shell:Creating environment hook '/home/afrobudha/hello_drone/install/drone_nettomav/share/drone_nettomav/hook/ament_prefix_path.ps1'
[2.108s] INFO:colcon.colcon_core.shell:Creating environment descriptor '/home/afrobudha/hello_drone/install/drone_nettomav/share/drone_nettomav/hook/ament_prefix_path.dsv'
[2.125s] INFO:colcon.colcon_core.shell:Creating environment hook '/home/afrobudha/hello_drone/install/drone_nettomav/share/drone_nettomav/hook/ament_prefix_path.sh'
[2.128s] INFO:colcon.colcon_core.shell:Skip shell extension 'powershell' for command environment: Not usable outside of PowerShell
[2.128s] DEBUG:colcon.colcon_core.shell:Skip shell extension 'dsv' for command environment
[2.452s] INFO:colcon.colcon_core.task.python.build:Building Python package in '/home/afrobudha/hello_drone/src/drone_nettomav'
[2.453s] INFO:colcon.colcon_core.shell:Skip shell extension 'powershell' for command environment: Not usable outside of PowerShell
[2.453s] DEBUG:colcon.colcon_core.shell:Skip shell extension 'dsv' for command environment
[2.465s] DEBUG:colcon.colcon_core.event_handler.log_command:Invoking command in '/home/afrobudha/hello_drone/src/drone_nettomav': PYTHONPATH=/home/afrobudha/hello_drone/install/drone_nettomav/lib/python3.8/site-packages: /usr/bin/python3 setup.py egg_info --egg-base ../../build/drone_nettomav build --build-base /home/afrobudha/hello_drone/build/drone_nettomav/build install --prefix /home/afrobudha/hello_drone/install/drone_nettomav --record /home/afrobudha/hello_drone/build/drone_nettomav/install.log --single-version-externally-managed
[3.358s] DEBUG:colcon.colcon_core.event_handler.log_command:Invoked command in '/home/afrobudha/hello_drone/src/drone_nettomav' returned '0': PYTHONPATH=/home/afrobudha/hello_drone/install/drone_nettomav/lib/python3.8/site-packages: /usr/bin/python3 setup.py egg_info --egg-base ../../build/drone_nettomav build --build-base /home/afrobudha/hello_drone/build/drone_nettomav/build install --prefix /home/afrobudha/hello_drone/install/drone_nettomav --record /home/afrobudha/hello_drone/build/drone_nettomav/install.log --single-version-externally-managed
[3.425s] Level 1:colcon.colcon_core.environment:checking '/home/afrobudha/hello_drone/install/drone_nettomav' for CMake module files
[3.426s] Level 1:colcon.colcon_core.environment:checking '/home/afrobudha/hello_drone/install/drone_nettomav' for CMake config files
[3.427s] Level 1:colcon.colcon_core.environment:checking '/home/afrobudha/hello_drone/install/drone_nettomav/lib'
[3.428s] Level 1:colcon.colcon_core.environment:checking '/home/afrobudha/hello_drone/install/drone_nettomav/bin'
[3.428s] Level 1:colcon.colcon_core.environment:checking '/home/afrobudha/hello_drone/install/drone_nettomav/lib/pkgconfig/drone_nettomav.pc'
[3.428s] Level 1:colcon.colcon_core.environment:checking '/home/afrobudha/hello_drone/install/drone_nettomav/lib/python3.8/site-packages'
[3.428s] Level 1:colcon.colcon_core.shell:create_environment_hook('drone_nettomav', 'pythonpath')
[3.429s] INFO:colcon.colcon_core.shell:Creating environment hook '/home/afrobudha/hello_drone/install/drone_nettomav/share/drone_nettomav/hook/pythonpath.ps1'
[3.429s] INFO:colcon.colcon_core.shell:Creating environment descriptor '/home/afrobudha/hello_drone/install/drone_nettomav/share/drone_nettomav/hook/pythonpath.dsv'
[3.429s] INFO:colcon.colcon_core.shell:Creating environment hook '/home/afrobudha/hello_drone/install/drone_nettomav/share/drone_nettomav/hook/pythonpath.sh'
[3.430s] Level 1:colcon.colcon_core.environment:create_environment_scripts_only(drone_nettomav)
[3.431s] INFO:colcon.colcon_core.shell:Creating package script '/home/afrobudha/hello_drone/install/drone_nettomav/share/drone_nettomav/package.ps1'
[3.439s] INFO:colcon.colcon_core.shell:Creating package descriptor '/home/afrobudha/hello_drone/install/drone_nettomav/share/drone_nettomav/package.dsv'
[3.457s] INFO:colcon.colcon_core.shell:Creating package script '/home/afrobudha/hello_drone/install/drone_nettomav/share/drone_nettomav/package.sh'
[3.459s] INFO:colcon.colcon_core.shell:Creating package script '/home/afrobudha/hello_drone/install/drone_nettomav/share/drone_nettomav/package.bash'
[3.461s] INFO:colcon.colcon_core.shell:Creating package script '/home/afrobudha/hello_drone/install/drone_nettomav/share/drone_nettomav/package.zsh'
[3.474s] Level 1:colcon.colcon_core.environment:create_file_with_runtime_dependencies(/home/afrobudha/hello_drone/install/drone_nettomav/share/colcon-core/packages/drone_nettomav)
[3.474s] DEBUG:colcon.colcon_parallel_executor.executor.parallel:closing loop
[3.475s] DEBUG:colcon.colcon_parallel_executor.executor.parallel:loop closed
[3.475s] DEBUG:colcon.colcon_parallel_executor.executor.parallel:run_until_complete finished with '0'
[3.475s] DEBUG:colcon.colcon_core.event_reactor:joining thread
[3.512s] INFO:colcon.colcon_core.plugin_system:Skipping extension 'colcon_notification.desktop_notification.terminal_notifier': Not used on non-Darwin systems
[3.512s] INFO:colcon.colcon_core.plugin_system:Skipping extension 'colcon_notification.desktop_notification.win32': Not used on non-Windows systems
[3.512s] INFO:colcon.colcon_notification.desktop_notification:Sending desktop notification using 'notify2'
[3.540s] DEBUG:colcon.colcon_core.event_reactor:joined thread
[3.541s] INFO:colcon.colcon_core.shell:Creating prefix script '/home/afrobudha/hello_drone/install/local_setup.ps1'
[3.547s] INFO:colcon.colcon_core.shell:Creating prefix util module '/home/afrobudha/hello_drone/install/_local_setup_util_ps1.py'
[3.556s] INFO:colcon.colcon_core.shell:Creating prefix chain script '/home/afrobudha/hello_drone/install/setup.ps1'
[3.562s] INFO:colcon.colcon_core.shell:Creating prefix script '/home/afrobudha/hello_drone/install/local_setup.sh'
[3.564s] INFO:colcon.colcon_core.shell:Creating prefix util module '/home/afrobudha/hello_drone/install/_local_setup_util_sh.py'
[3.565s] INFO:colcon.colcon_core.shell:Creating prefix chain script '/home/afrobudha/hello_drone/install/setup.sh'
[3.568s] INFO:colcon.colcon_core.shell:Creating prefix script '/home/afrobudha/hello_drone/install/local_setup.bash'
[3.570s] INFO:colcon.colcon_core.shell:Creating prefix chain script '/home/afrobudha/hello_drone/install/setup.bash'
[3.574s] INFO:colcon.colcon_core.shell:Creating prefix script '/home/afrobudha/hello_drone/install/local_setup.zsh'
[3.576s] INFO:colcon.colcon_core.shell:Creating prefix chain script '/home/afrobudha/hello_drone/install/setup.zsh'
